<?xml version="1.0" encoding="UTF-8"?>
<Site BuildName="(empty)"
	BuildStamp="20240820-1043-Experimental"
	Name="neow-VirtualBox"
	Generator="ctest-3.16.3"
	CompilerName="/usr/bin/c++"
	CompilerVersion="9.4.0"
	OSName="Linux"
	Hostname="neow-VirtualBox"
	OSRelease="5.15.0-117-generic"
	OSVersion="#127~20.04.1-Ubuntu SMP Thu Jul 11 15:36:12 UTC 2024"
	OSPlatform="x86_64"
	Is64Bits="1"
	VendorString="AuthenticAMD"
	VendorID="Advanced Micro Devices"
	FamilyID="25"
	ModelID="80"
	ProcessorCacheSize="512"
	NumberOfLogicalCPU="6"
	NumberOfPhysicalCPU="6"
	TotalVirtualMemory="2047"
	TotalPhysicalMemory="10293"
	LogicalProcessorsPerPhysical="1"
	ProcessorClockFrequency="3293.73"
	>
	<Testing>
		<StartDateTime>Aug 20 18:43 +08</StartDateTime>
		<StartTestTime>1724150624</StartTestTime>
		<TestList/>
		<EndDateTime>Aug 20 18:43 +08</EndDateTime>
		<EndTestTime>1724150624</EndTestTime>
		<ElapsedMinutes>0</ElapsedMinutes>
	</Testing>
</Site>
